<?xml version="1.0" encoding="UTF-8"?>
<testsuite xmlns:xsi="http://www.w3.org/2001/XMLSchema-instance" xsi:noNamespaceSchemaLocation="https://maven.apache.org/surefire/maven-surefire-plugin/xsd/surefire-test-report-3.0.xsd" version="3.0" name="com.chandana.springTest.SpringTestApplicationTests" time="3.843" tests="1" errors="0" skipped="0" failures="0">
  <properties>
    <property name="java.specification.version" value="21"/>
    <property name="sun.cpu.isalist" value="amd64"/>
    <property name="sun.jnu.encoding" value="Cp1252"/>
    <property name="java.class.path" value="C:\Users\chand\OneDrive\Desktop\Fullstack Developer\Backend\target\test-classes;C:\Users\chand\OneDrive\Desktop\Fullstack Developer\Backend\target\classes;C:\Users\chand\.m2\repository\org\springframework\boot\spring-boot-starter-data-jdbc\3.3.7\spring-boot-starter-data-jdbc-3.3.7.jar;C:\Users\chand\.m2\repository\org\springframework\boot\spring-boot-starter-jdbc\3.3.7\spring-boot-starter-jdbc-3.3.7.jar;C:\Users\chand\.m2\repository\com\zaxxer\HikariCP\5.1.0\HikariCP-5.1.0.jar;C:\Users\chand\.m2\repository\org\springframework\spring-jdbc\6.1.16\spring-jdbc-6.1.16.jar;C:\Users\chand\.m2\repository\org\springframework\data\spring-data-jdbc\3.3.7\spring-data-jdbc-3.3.7.jar;C:\Users\chand\.m2\repository\org\springframework\data\spring-data-relational\3.3.7\spring-data-relational-3.3.7.jar;C:\Users\chand\.m2\repository\org\springframework\data\spring-data-commons\3.3.7\spring-data-commons-3.3.7.jar;C:\Users\chand\.m2\repository\org\springframework\spring-tx\6.1.16\spring-tx-6.1.16.jar;C:\Users\chand\.m2\repository\org\springframework\spring-context\6.1.16\spring-context-6.1.16.jar;C:\Users\chand\.m2\repository\org\springframework\spring-beans\6.1.16\spring-beans-6.1.16.jar;C:\Users\chand\.m2\repository\org\springframework\boot\spring-boot-starter-data-jpa\3.3.7\spring-boot-starter-data-jpa-3.3.7.jar;C:\Users\chand\.m2\repository\org\springframework\boot\spring-boot-starter-aop\3.3.7\spring-boot-starter-aop-3.3.7.jar;C:\Users\chand\.m2\repository\org\springframework\spring-aop\6.1.16\spring-aop-6.1.16.jar;C:\Users\chand\.m2\repository\org\aspectj\aspectjweaver\1.9.22.1\aspectjweaver-1.9.22.1.jar;C:\Users\chand\.m2\repository\org\hibernate\orm\hibernate-core\6.5.3.Final\hibernate-core-6.5.3.Final.jar;C:\Users\chand\.m2\repository\jakarta\persistence\jakarta.persistence-api\3.1.0\jakarta.persistence-api-3.1.0.jar;C:\Users\chand\.m2\repository\jakarta\transaction\jakarta.transaction-api\2.0.1\jakarta.transaction-api-2.0.1.jar;C:\Users\chand\.m2\repository\org\jboss\logging\jboss-logging\3.5.3.Final\jboss-logging-3.5.3.Final.jar;C:\Users\chand\.m2\repository\org\hibernate\common\hibernate-commons-annotations\6.0.6.Final\hibernate-commons-annotations-6.0.6.Final.jar;C:\Users\chand\.m2\repository\io\smallrye\jandex\3.1.2\jandex-3.1.2.jar;C:\Users\chand\.m2\repository\com\fasterxml\classmate\1.7.0\classmate-1.7.0.jar;C:\Users\chand\.m2\repository\net\bytebuddy\byte-buddy\1.14.19\byte-buddy-1.14.19.jar;C:\Users\chand\.m2\repository\org\glassfish\jaxb\jaxb-runtime\4.0.5\jaxb-runtime-4.0.5.jar;C:\Users\chand\.m2\repository\org\glassfish\jaxb\jaxb-core\4.0.5\jaxb-core-4.0.5.jar;C:\Users\chand\.m2\repository\org\eclipse\angus\angus-activation\2.0.2\angus-activation-2.0.2.jar;C:\Users\chand\.m2\repository\org\glassfish\jaxb\txw2\4.0.5\txw2-4.0.5.jar;C:\Users\chand\.m2\repository\com\sun\istack\istack-commons-runtime\4.1.2\istack-commons-runtime-4.1.2.jar;C:\Users\chand\.m2\repository\jakarta\inject\jakarta.inject-api\2.0.1\jakarta.inject-api-2.0.1.jar;C:\Users\chand\.m2\repository\org\antlr\antlr4-runtime\4.13.0\antlr4-runtime-4.13.0.jar;C:\Users\chand\.m2\repository\org\springframework\data\spring-data-jpa\3.3.7\spring-data-jpa-3.3.7.jar;C:\Users\chand\.m2\repository\org\springframework\spring-orm\6.1.16\spring-orm-6.1.16.jar;C:\Users\chand\.m2\repository\jakarta\annotation\jakarta.annotation-api\2.1.1\jakarta.annotation-api-2.1.1.jar;C:\Users\chand\.m2\repository\org\springframework\spring-aspects\6.1.16\spring-aspects-6.1.16.jar;C:\Users\chand\.m2\repository\org\springframework\boot\spring-boot-starter-web\3.3.7\spring-boot-starter-web-3.3.7.jar;C:\Users\chand\.m2\repository\org\springframework\boot\spring-boot-starter\3.3.7\spring-boot-starter-3.3.7.jar;C:\Users\chand\.m2\repository\org\springframework\boot\spring-boot-starter-logging\3.3.7\spring-boot-starter-logging-3.3.7.jar;C:\Users\chand\.m2\repository\ch\qos\logback\logback-classic\1.5.12\logback-classic-1.5.12.jar;C:\Users\chand\.m2\repository\ch\qos\logback\logback-core\1.5.12\logback-core-1.5.12.jar;C:\Users\chand\.m2\repository\org\apache\logging\log4j\log4j-to-slf4j\2.23.1\log4j-to-slf4j-2.23.1.jar;C:\Users\chand\.m2\repository\org\apache\logging\log4j\log4j-api\2.23.1\log4j-api-2.23.1.jar;C:\Users\chand\.m2\repository\org\slf4j\jul-to-slf4j\2.0.16\jul-to-slf4j-2.0.16.jar;C:\Users\chand\.m2\repository\org\yaml\snakeyaml\2.2\snakeyaml-2.2.jar;C:\Users\chand\.m2\repository\org\springframework\boot\spring-boot-starter-json\3.3.7\spring-boot-starter-json-3.3.7.jar;C:\Users\chand\.m2\repository\com\fasterxml\jackson\core\jackson-databind\2.17.3\jackson-databind-2.17.3.jar;C:\Users\chand\.m2\repository\com\fasterxml\jackson\datatype\jackson-datatype-jdk8\2.17.3\jackson-datatype-jdk8-2.17.3.jar;C:\Users\chand\.m2\repository\com\fasterxml\jackson\datatype\jackson-datatype-jsr310\2.17.3\jackson-datatype-jsr310-2.17.3.jar;C:\Users\chand\.m2\repository\com\fasterxml\jackson\module\jackson-module-parameter-names\2.17.3\jackson-module-parameter-names-2.17.3.jar;C:\Users\chand\.m2\repository\org\springframework\boot\spring-boot-starter-tomcat\3.3.7\spring-boot-starter-tomcat-3.3.7.jar;C:\Users\chand\.m2\repository\org\apache\tomcat\embed\tomcat-embed-core\10.1.34\tomcat-embed-core-10.1.34.jar;C:\Users\chand\.m2\repository\org\apache\tomcat\embed\tomcat-embed-el\10.1.34\tomcat-embed-el-10.1.34.jar;C:\Users\chand\.m2\repository\org\apache\tomcat\embed\tomcat-embed-websocket\10.1.34\tomcat-embed-websocket-10.1.34.jar;C:\Users\chand\.m2\repository\org\springframework\spring-web\6.1.16\spring-web-6.1.16.jar;C:\Users\chand\.m2\repository\io\micrometer\micrometer-observation\1.13.9\micrometer-observation-1.13.9.jar;C:\Users\chand\.m2\repository\io\micrometer\micrometer-commons\1.13.9\micrometer-commons-1.13.9.jar;C:\Users\chand\.m2\repository\org\springframework\spring-webmvc\6.1.16\spring-webmvc-6.1.16.jar;C:\Users\chand\.m2\repository\org\springframework\spring-expression\6.1.16\spring-expression-6.1.16.jar;C:\Users\chand\.m2\repository\org\flywaydb\flyway-core\10.10.0\flyway-core-10.10.0.jar;C:\Users\chand\.m2\repository\com\fasterxml\jackson\dataformat\jackson-dataformat-toml\2.17.3\jackson-dataformat-toml-2.17.3.jar;C:\Users\chand\.m2\repository\com\fasterxml\jackson\core\jackson-core\2.17.3\jackson-core-2.17.3.jar;C:\Users\chand\.m2\repository\com\google\code\gson\gson\2.10.1\gson-2.10.1.jar;C:\Users\chand\.m2\repository\org\flywaydb\flyway-database-postgresql\10.10.0\flyway-database-postgresql-10.10.0.jar;C:\Users\chand\.m2\repository\org\springframework\boot\spring-boot-devtools\3.3.7\spring-boot-devtools-3.3.7.jar;C:\Users\chand\.m2\repository\org\springframework\boot\spring-boot\3.3.7\spring-boot-3.3.7.jar;C:\Users\chand\.m2\repository\org\springframework\boot\spring-boot-autoconfigure\3.3.7\spring-boot-autoconfigure-3.3.7.jar;C:\Users\chand\.m2\repository\org\postgresql\postgresql\42.7.4\postgresql-42.7.4.jar;C:\Users\chand\.m2\repository\org\checkerframework\checker-qual\3.42.0\checker-qual-3.42.0.jar;C:\Users\chand\.m2\repository\org\springframework\boot\spring-boot-starter-test\3.3.7\spring-boot-starter-test-3.3.7.jar;C:\Users\chand\.m2\repository\org\springframework\boot\spring-boot-test\3.3.7\spring-boot-test-3.3.7.jar;C:\Users\chand\.m2\repository\org\springframework\boot\spring-boot-test-autoconfigure\3.3.7\spring-boot-test-autoconfigure-3.3.7.jar;C:\Users\chand\.m2\repository\com\jayway\jsonpath\json-path\2.9.0\json-path-2.9.0.jar;C:\Users\chand\.m2\repository\jakarta\xml\bind\jakarta.xml.bind-api\4.0.2\jakarta.xml.bind-api-4.0.2.jar;C:\Users\chand\.m2\repository\jakarta\activation\jakarta.activation-api\2.1.3\jakarta.activation-api-2.1.3.jar;C:\Users\chand\.m2\repository\net\minidev\json-smart\2.5.1\json-smart-2.5.1.jar;C:\Users\chand\.m2\repository\net\minidev\accessors-smart\2.5.1\accessors-smart-2.5.1.jar;C:\Users\chand\.m2\repository\org\ow2\asm\asm\9.6\asm-9.6.jar;C:\Users\chand\.m2\repository\org\assertj\assertj-core\3.25.3\assertj-core-3.25.3.jar;C:\Users\chand\.m2\repository\org\awaitility\awaitility\4.2.2\awaitility-4.2.2.jar;C:\Users\chand\.m2\repository\org\hamcrest\hamcrest\2.2\hamcrest-2.2.jar;C:\Users\chand\.m2\repository\org\junit\jupiter\junit-jupiter\5.10.5\junit-jupiter-5.10.5.jar;C:\Users\chand\.m2\repository\org\junit\jupiter\junit-jupiter-api\5.10.5\junit-jupiter-api-5.10.5.jar;C:\Users\chand\.m2\repository\org\opentest4j\opentest4j\1.3.0\opentest4j-1.3.0.jar;C:\Users\chand\.m2\repository\org\junit\platform\junit-platform-commons\1.10.5\junit-platform-commons-1.10.5.jar;C:\Users\chand\.m2\repository\org\apiguardian\apiguardian-api\1.1.2\apiguardian-api-1.1.2.jar;C:\Users\chand\.m2\repository\org\junit\jupiter\junit-jupiter-params\5.10.5\junit-jupiter-params-5.10.5.jar;C:\Users\chand\.m2\repository\org\junit\jupiter\junit-jupiter-engine\5.10.5\junit-jupiter-engine-5.10.5.jar;C:\Users\chand\.m2\repository\org\junit\platform\junit-platform-engine\1.10.5\junit-platform-engine-1.10.5.jar;C:\Users\chand\.m2\repository\org\mockito\mockito-core\5.11.0\mockito-core-5.11.0.jar;C:\Users\chand\.m2\repository\net\bytebuddy\byte-buddy-agent\1.14.19\byte-buddy-agent-1.14.19.jar;C:\Users\chand\.m2\repository\org\objenesis\objenesis\3.3\objenesis-3.3.jar;C:\Users\chand\.m2\repository\org\mockito\mockito-junit-jupiter\5.11.0\mockito-junit-jupiter-5.11.0.jar;C:\Users\chand\.m2\repository\org\skyscreamer\jsonassert\1.5.3\jsonassert-1.5.3.jar;C:\Users\chand\.m2\repository\com\vaadin\external\google\android-json\0.0.20131108.vaadin1\android-json-0.0.20131108.vaadin1.jar;C:\Users\chand\.m2\repository\org\springframework\spring-core\6.1.16\spring-core-6.1.16.jar;C:\Users\chand\.m2\repository\org\springframework\spring-jcl\6.1.16\spring-jcl-6.1.16.jar;C:\Users\chand\.m2\repository\org\springframework\spring-test\6.1.16\spring-test-6.1.16.jar;C:\Users\chand\.m2\repository\org\xmlunit\xmlunit-core\2.9.1\xmlunit-core-2.9.1.jar;C:\Users\chand\.m2\repository\org\springframework\boot\spring-boot-testcontainers\3.3.7\spring-boot-testcontainers-3.3.7.jar;C:\Users\chand\.m2\repository\org\testcontainers\testcontainers\1.17.6\testcontainers-1.17.6.jar;C:\Users\chand\.m2\repository\junit\junit\4.13.2\junit-4.13.2.jar;C:\Users\chand\.m2\repository\org\hamcrest\hamcrest-core\2.2\hamcrest-core-2.2.jar;C:\Users\chand\.m2\repository\org\slf4j\slf4j-api\2.0.16\slf4j-api-2.0.16.jar;C:\Users\chand\.m2\repository\org\apache\commons\commons-compress\1.22\commons-compress-1.22.jar;C:\Users\chand\.m2\repository\org\rnorth\duct-tape\duct-tape\1.0.8\duct-tape-1.0.8.jar;C:\Users\chand\.m2\repository\org\jetbrains\annotations\17.0.0\annotations-17.0.0.jar;C:\Users\chand\.m2\repository\com\github\docker-java\docker-java-api\3.2.13\docker-java-api-3.2.13.jar;C:\Users\chand\.m2\repository\com\fasterxml\jackson\core\jackson-annotations\2.17.3\jackson-annotations-2.17.3.jar;C:\Users\chand\.m2\repository\com\github\docker-java\docker-java-transport-zerodep\3.2.13\docker-java-transport-zerodep-3.2.13.jar;C:\Users\chand\.m2\repository\com\github\docker-java\docker-java-transport\3.2.13\docker-java-transport-3.2.13.jar;C:\Users\chand\.m2\repository\net\java\dev\jna\jna\5.8.0\jna-5.8.0.jar;C:\Users\chand\.m2\repository\org\testcontainers\junit-jupiter\1.19.8\junit-jupiter-1.19.8.jar;C:\Users\chand\.m2\repository\org\testcontainers\postgresql\1.19.8\postgresql-1.19.8.jar;C:\Users\chand\.m2\repository\org\testcontainers\jdbc\1.19.8\jdbc-1.19.8.jar;C:\Users\chand\.m2\repository\org\testcontainers\database-commons\1.19.8\database-commons-1.19.8.jar;C:\Users\chand\.m2\repository\com\github\javafaker\javafaker\1.0.2\javafaker-1.0.2.jar;C:\Users\chand\.m2\repository\org\apache\commons\commons-lang3\3.14.0\commons-lang3-3.14.0.jar;C:\Users\chand\.m2\repository\org\yaml\snakeyaml\1.23\snakeyaml-1.23-android.jar;C:\Users\chand\.m2\repository\com\github\mifmif\generex\1.0.2\generex-1.0.2.jar;C:\Users\chand\.m2\repository\dk\brics\automaton\automaton\1.11-8\automaton-1.11-8.jar;C:\Users\chand\.m2\repository\org\springframework\boot\spring-boot-starter-webflux\3.3.7\spring-boot-starter-webflux-3.3.7.jar;C:\Users\chand\.m2\repository\org\springframework\boot\spring-boot-starter-reactor-netty\3.3.7\spring-boot-starter-reactor-netty-3.3.7.jar;C:\Users\chand\.m2\repository\io\projectreactor\netty\reactor-netty-http\1.1.25\reactor-netty-http-1.1.25.jar;C:\Users\chand\.m2\repository\io\netty\netty-codec-http\4.1.116.Final\netty-codec-http-4.1.116.Final.jar;C:\Users\chand\.m2\repository\io\netty\netty-common\4.1.116.Final\netty-common-4.1.116.Final.jar;C:\Users\chand\.m2\repository\io\netty\netty-buffer\4.1.116.Final\netty-buffer-4.1.116.Final.jar;C:\Users\chand\.m2\repository\io\netty\netty-transport\4.1.116.Final\netty-transport-4.1.116.Final.jar;C:\Users\chand\.m2\repository\io\netty\netty-codec\4.1.116.Final\netty-codec-4.1.116.Final.jar;C:\Users\chand\.m2\repository\io\netty\netty-handler\4.1.116.Final\netty-handler-4.1.116.Final.jar;C:\Users\chand\.m2\repository\io\netty\netty-codec-http2\4.1.116.Final\netty-codec-http2-4.1.116.Final.jar;C:\Users\chand\.m2\repository\io\netty\netty-resolver-dns\4.1.116.Final\netty-resolver-dns-4.1.116.Final.jar;C:\Users\chand\.m2\repository\io\netty\netty-resolver\4.1.116.Final\netty-resolver-4.1.116.Final.jar;C:\Users\chand\.m2\repository\io\netty\netty-codec-dns\4.1.116.Final\netty-codec-dns-4.1.116.Final.jar;C:\Users\chand\.m2\repository\io\netty\netty-resolver-dns-native-macos\4.1.116.Final\netty-resolver-dns-native-macos-4.1.116.Final-osx-x86_64.jar;C:\Users\chand\.m2\repository\io\netty\netty-resolver-dns-classes-macos\4.1.116.Final\netty-resolver-dns-classes-macos-4.1.116.Final.jar;C:\Users\chand\.m2\repository\io\netty\netty-transport-native-epoll\4.1.116.Final\netty-transport-native-epoll-4.1.116.Final-linux-x86_64.jar;C:\Users\chand\.m2\repository\io\netty\netty-transport-native-unix-common\4.1.116.Final\netty-transport-native-unix-common-4.1.116.Final.jar;C:\Users\chand\.m2\repository\io\netty\netty-transport-classes-epoll\4.1.116.Final\netty-transport-classes-epoll-4.1.116.Final.jar;C:\Users\chand\.m2\repository\io\projectreactor\netty\reactor-netty-core\1.1.25\reactor-netty-core-1.1.25.jar;C:\Users\chand\.m2\repository\io\netty\netty-handler-proxy\4.1.116.Final\netty-handler-proxy-4.1.116.Final.jar;C:\Users\chand\.m2\repository\io\netty\netty-codec-socks\4.1.116.Final\netty-codec-socks-4.1.116.Final.jar;C:\Users\chand\.m2\repository\org\springframework\spring-webflux\6.1.16\spring-webflux-6.1.16.jar;C:\Users\chand\.m2\repository\io\projectreactor\reactor-core\3.6.13\reactor-core-3.6.13.jar;C:\Users\chand\.m2\repository\org\reactivestreams\reactive-streams\1.0.4\reactive-streams-1.0.4.jar;"/>
    <property name="java.vm.vendor" value="Oracle Corporation"/>
    <property name="sun.arch.data.model" value="64"/>
    <property name="user.variant" value=""/>
    <property name="java.vendor.url" value="https://java.oracle.com/"/>
    <property name="user.timezone" value="Asia/Colombo"/>
    <property name="org.jboss.logging.provider" value="slf4j"/>
    <property name="os.name" value="Windows 11"/>
    <property name="java.vm.specification.version" value="21"/>
    <property name="sun.java.launcher" value="SUN_STANDARD"/>
    <property name="user.country" value="US"/>
    <property name="sun.boot.library.path" value="C:\Program Files\Java\jdk-21\bin"/>
    <property name="sun.java.command" value="C:\Users\chand\AppData\Local\Temp\surefire3571436201827025578\surefirebooter-20250124083412818_3.jar C:\Users\chand\AppData\Local\Temp\surefire3571436201827025578 2025-01-24T08-34-12_664-jvmRun1 surefire-20250124083412818_1tmp surefire_0-20250124083412818_2tmp"/>
    <property name="jdk.debug" value="release"/>
    <property name="surefire.test.class.path" value="C:\Users\chand\OneDrive\Desktop\Fullstack Developer\Backend\target\test-classes;C:\Users\chand\OneDrive\Desktop\Fullstack Developer\Backend\target\classes;C:\Users\chand\.m2\repository\org\springframework\boot\spring-boot-starter-data-jdbc\3.3.7\spring-boot-starter-data-jdbc-3.3.7.jar;C:\Users\chand\.m2\repository\org\springframework\boot\spring-boot-starter-jdbc\3.3.7\spring-boot-starter-jdbc-3.3.7.jar;C:\Users\chand\.m2\repository\com\zaxxer\HikariCP\5.1.0\HikariCP-5.1.0.jar;C:\Users\chand\.m2\repository\org\springframework\spring-jdbc\6.1.16\spring-jdbc-6.1.16.jar;C:\Users\chand\.m2\repository\org\springframework\data\spring-data-jdbc\3.3.7\spring-data-jdbc-3.3.7.jar;C:\Users\chand\.m2\repository\org\springframework\data\spring-data-relational\3.3.7\spring-data-relational-3.3.7.jar;C:\Users\chand\.m2\repository\org\springframework\data\spring-data-commons\3.3.7\spring-data-commons-3.3.7.jar;C:\Users\chand\.m2\repository\org\springframework\spring-tx\6.1.16\spring-tx-6.1.16.jar;C:\Users\chand\.m2\repository\org\springframework\spring-context\6.1.16\spring-context-6.1.16.jar;C:\Users\chand\.m2\repository\org\springframework\spring-beans\6.1.16\spring-beans-6.1.16.jar;C:\Users\chand\.m2\repository\org\springframework\boot\spring-boot-starter-data-jpa\3.3.7\spring-boot-starter-data-jpa-3.3.7.jar;C:\Users\chand\.m2\repository\org\springframework\boot\spring-boot-starter-aop\3.3.7\spring-boot-starter-aop-3.3.7.jar;C:\Users\chand\.m2\repository\org\springframework\spring-aop\6.1.16\spring-aop-6.1.16.jar;C:\Users\chand\.m2\repository\org\aspectj\aspectjweaver\1.9.22.1\aspectjweaver-1.9.22.1.jar;C:\Users\chand\.m2\repository\org\hibernate\orm\hibernate-core\6.5.3.Final\hibernate-core-6.5.3.Final.jar;C:\Users\chand\.m2\repository\jakarta\persistence\jakarta.persistence-api\3.1.0\jakarta.persistence-api-3.1.0.jar;C:\Users\chand\.m2\repository\jakarta\transaction\jakarta.transaction-api\2.0.1\jakarta.transaction-api-2.0.1.jar;C:\Users\chand\.m2\repository\org\jboss\logging\jboss-logging\3.5.3.Final\jboss-logging-3.5.3.Final.jar;C:\Users\chand\.m2\repository\org\hibernate\common\hibernate-commons-annotations\6.0.6.Final\hibernate-commons-annotations-6.0.6.Final.jar;C:\Users\chand\.m2\repository\io\smallrye\jandex\3.1.2\jandex-3.1.2.jar;C:\Users\chand\.m2\repository\com\fasterxml\classmate\1.7.0\classmate-1.7.0.jar;C:\Users\chand\.m2\repository\net\bytebuddy\byte-buddy\1.14.19\byte-buddy-1.14.19.jar;C:\Users\chand\.m2\repository\org\glassfish\jaxb\jaxb-runtime\4.0.5\jaxb-runtime-4.0.5.jar;C:\Users\chand\.m2\repository\org\glassfish\jaxb\jaxb-core\4.0.5\jaxb-core-4.0.5.jar;C:\Users\chand\.m2\repository\org\eclipse\angus\angus-activation\2.0.2\angus-activation-2.0.2.jar;C:\Users\chand\.m2\repository\org\glassfish\jaxb\txw2\4.0.5\txw2-4.0.5.jar;C:\Users\chand\.m2\repository\com\sun\istack\istack-commons-runtime\4.1.2\istack-commons-runtime-4.1.2.jar;C:\Users\chand\.m2\repository\jakarta\inject\jakarta.inject-api\2.0.1\jakarta.inject-api-2.0.1.jar;C:\Users\chand\.m2\repository\org\antlr\antlr4-runtime\4.13.0\antlr4-runtime-4.13.0.jar;C:\Users\chand\.m2\repository\org\springframework\data\spring-data-jpa\3.3.7\spring-data-jpa-3.3.7.jar;C:\Users\chand\.m2\repository\org\springframework\spring-orm\6.1.16\spring-orm-6.1.16.jar;C:\Users\chand\.m2\repository\jakarta\annotation\jakarta.annotation-api\2.1.1\jakarta.annotation-api-2.1.1.jar;C:\Users\chand\.m2\repository\org\springframework\spring-aspects\6.1.16\spring-aspects-6.1.16.jar;C:\Users\chand\.m2\repository\org\springframework\boot\spring-boot-starter-web\3.3.7\spring-boot-starter-web-3.3.7.jar;C:\Users\chand\.m2\repository\org\springframework\boot\spring-boot-starter\3.3.7\spring-boot-starter-3.3.7.jar;C:\Users\chand\.m2\repository\org\springframework\boot\spring-boot-starter-logging\3.3.7\spring-boot-starter-logging-3.3.7.jar;C:\Users\chand\.m2\repository\ch\qos\logback\logback-classic\1.5.12\logback-classic-1.5.12.jar;C:\Users\chand\.m2\repository\ch\qos\logback\logback-core\1.5.12\logback-core-1.5.12.jar;C:\Users\chand\.m2\repository\org\apache\logging\log4j\log4j-to-slf4j\2.23.1\log4j-to-slf4j-2.23.1.jar;C:\Users\chand\.m2\repository\org\apache\logging\log4j\log4j-api\2.23.1\log4j-api-2.23.1.jar;C:\Users\chand\.m2\repository\org\slf4j\jul-to-slf4j\2.0.16\jul-to-slf4j-2.0.16.jar;C:\Users\chand\.m2\repository\org\yaml\snakeyaml\2.2\snakeyaml-2.2.jar;C:\Users\chand\.m2\repository\org\springframework\boot\spring-boot-starter-json\3.3.7\spring-boot-starter-json-3.3.7.jar;C:\Users\chand\.m2\repository\com\fasterxml\jackson\core\jackson-databind\2.17.3\jackson-databind-2.17.3.jar;C:\Users\chand\.m2\repository\com\fasterxml\jackson\datatype\jackson-datatype-jdk8\2.17.3\jackson-datatype-jdk8-2.17.3.jar;C:\Users\chand\.m2\repository\com\fasterxml\jackson\datatype\jackson-datatype-jsr310\2.17.3\jackson-datatype-jsr310-2.17.3.jar;C:\Users\chand\.m2\repository\com\fasterxml\jackson\module\jackson-module-parameter-names\2.17.3\jackson-module-parameter-names-2.17.3.jar;C:\Users\chand\.m2\repository\org\springframework\boot\spring-boot-starter-tomcat\3.3.7\spring-boot-starter-tomcat-3.3.7.jar;C:\Users\chand\.m2\repository\org\apache\tomcat\embed\tomcat-embed-core\10.1.34\tomcat-embed-core-10.1.34.jar;C:\Users\chand\.m2\repository\org\apache\tomcat\embed\tomcat-embed-el\10.1.34\tomcat-embed-el-10.1.34.jar;C:\Users\chand\.m2\repository\org\apache\tomcat\embed\tomcat-embed-websocket\10.1.34\tomcat-embed-websocket-10.1.34.jar;C:\Users\chand\.m2\repository\org\springframework\spring-web\6.1.16\spring-web-6.1.16.jar;C:\Users\chand\.m2\repository\io\micrometer\micrometer-observation\1.13.9\micrometer-observation-1.13.9.jar;C:\Users\chand\.m2\repository\io\micrometer\micrometer-commons\1.13.9\micrometer-commons-1.13.9.jar;C:\Users\chand\.m2\repository\org\springframework\spring-webmvc\6.1.16\spring-webmvc-6.1.16.jar;C:\Users\chand\.m2\repository\org\springframework\spring-expression\6.1.16\spring-expression-6.1.16.jar;C:\Users\chand\.m2\repository\org\flywaydb\flyway-core\10.10.0\flyway-core-10.10.0.jar;C:\Users\chand\.m2\repository\com\fasterxml\jackson\dataformat\jackson-dataformat-toml\2.17.3\jackson-dataformat-toml-2.17.3.jar;C:\Users\chand\.m2\repository\com\fasterxml\jackson\core\jackson-core\2.17.3\jackson-core-2.17.3.jar;C:\Users\chand\.m2\repository\com\google\code\gson\gson\2.10.1\gson-2.10.1.jar;C:\Users\chand\.m2\repository\org\flywaydb\flyway-database-postgresql\10.10.0\flyway-database-postgresql-10.10.0.jar;C:\Users\chand\.m2\repository\org\springframework\boot\spring-boot-devtools\3.3.7\spring-boot-devtools-3.3.7.jar;C:\Users\chand\.m2\repository\org\springframework\boot\spring-boot\3.3.7\spring-boot-3.3.7.jar;C:\Users\chand\.m2\repository\org\springframework\boot\spring-boot-autoconfigure\3.3.7\spring-boot-autoconfigure-3.3.7.jar;C:\Users\chand\.m2\repository\org\postgresql\postgresql\42.7.4\postgresql-42.7.4.jar;C:\Users\chand\.m2\repository\org\checkerframework\checker-qual\3.42.0\checker-qual-3.42.0.jar;C:\Users\chand\.m2\repository\org\springframework\boot\spring-boot-starter-test\3.3.7\spring-boot-starter-test-3.3.7.jar;C:\Users\chand\.m2\repository\org\springframework\boot\spring-boot-test\3.3.7\spring-boot-test-3.3.7.jar;C:\Users\chand\.m2\repository\org\springframework\boot\spring-boot-test-autoconfigure\3.3.7\spring-boot-test-autoconfigure-3.3.7.jar;C:\Users\chand\.m2\repository\com\jayway\jsonpath\json-path\2.9.0\json-path-2.9.0.jar;C:\Users\chand\.m2\repository\jakarta\xml\bind\jakarta.xml.bind-api\4.0.2\jakarta.xml.bind-api-4.0.2.jar;C:\Users\chand\.m2\repository\jakarta\activation\jakarta.activation-api\2.1.3\jakarta.activation-api-2.1.3.jar;C:\Users\chand\.m2\repository\net\minidev\json-smart\2.5.1\json-smart-2.5.1.jar;C:\Users\chand\.m2\repository\net\minidev\accessors-smart\2.5.1\accessors-smart-2.5.1.jar;C:\Users\chand\.m2\repository\org\ow2\asm\asm\9.6\asm-9.6.jar;C:\Users\chand\.m2\repository\org\assertj\assertj-core\3.25.3\assertj-core-3.25.3.jar;C:\Users\chand\.m2\repository\org\awaitility\awaitility\4.2.2\awaitility-4.2.2.jar;C:\Users\chand\.m2\repository\org\hamcrest\hamcrest\2.2\hamcrest-2.2.jar;C:\Users\chand\.m2\repository\org\junit\jupiter\junit-jupiter\5.10.5\junit-jupiter-5.10.5.jar;C:\Users\chand\.m2\repository\org\junit\jupiter\junit-jupiter-api\5.10.5\junit-jupiter-api-5.10.5.jar;C:\Users\chand\.m2\repository\org\opentest4j\opentest4j\1.3.0\opentest4j-1.3.0.jar;C:\Users\chand\.m2\repository\org\junit\platform\junit-platform-commons\1.10.5\junit-platform-commons-1.10.5.jar;C:\Users\chand\.m2\repository\org\apiguardian\apiguardian-api\1.1.2\apiguardian-api-1.1.2.jar;C:\Users\chand\.m2\repository\org\junit\jupiter\junit-jupiter-params\5.10.5\junit-jupiter-params-5.10.5.jar;C:\Users\chand\.m2\repository\org\junit\jupiter\junit-jupiter-engine\5.10.5\junit-jupiter-engine-5.10.5.jar;C:\Users\chand\.m2\repository\org\junit\platform\junit-platform-engine\1.10.5\junit-platform-engine-1.10.5.jar;C:\Users\chand\.m2\repository\org\mockito\mockito-core\5.11.0\mockito-core-5.11.0.jar;C:\Users\chand\.m2\repository\net\bytebuddy\byte-buddy-agent\1.14.19\byte-buddy-agent-1.14.19.jar;C:\Users\chand\.m2\repository\org\objenesis\objenesis\3.3\objenesis-3.3.jar;C:\Users\chand\.m2\repository\org\mockito\mockito-junit-jupiter\5.11.0\mockito-junit-jupiter-5.11.0.jar;C:\Users\chand\.m2\repository\org\skyscreamer\jsonassert\1.5.3\jsonassert-1.5.3.jar;C:\Users\chand\.m2\repository\com\vaadin\external\google\android-json\0.0.20131108.vaadin1\android-json-0.0.20131108.vaadin1.jar;C:\Users\chand\.m2\repository\org\springframework\spring-core\6.1.16\spring-core-6.1.16.jar;C:\Users\chand\.m2\repository\org\springframework\spring-jcl\6.1.16\spring-jcl-6.1.16.jar;C:\Users\chand\.m2\repository\org\springframework\spring-test\6.1.16\spring-test-6.1.16.jar;C:\Users\chand\.m2\repository\org\xmlunit\xmlunit-core\2.9.1\xmlunit-core-2.9.1.jar;C:\Users\chand\.m2\repository\org\springframework\boot\spring-boot-testcontainers\3.3.7\spring-boot-testcontainers-3.3.7.jar;C:\Users\chand\.m2\repository\org\testcontainers\testcontainers\1.17.6\testcontainers-1.17.6.jar;C:\Users\chand\.m2\repository\junit\junit\4.13.2\junit-4.13.2.jar;C:\Users\chand\.m2\repository\org\hamcrest\hamcrest-core\2.2\hamcrest-core-2.2.jar;C:\Users\chand\.m2\repository\org\slf4j\slf4j-api\2.0.16\slf4j-api-2.0.16.jar;C:\Users\chand\.m2\repository\org\apache\commons\commons-compress\1.22\commons-compress-1.22.jar;C:\Users\chand\.m2\repository\org\rnorth\duct-tape\duct-tape\1.0.8\duct-tape-1.0.8.jar;C:\Users\chand\.m2\repository\org\jetbrains\annotations\17.0.0\annotations-17.0.0.jar;C:\Users\chand\.m2\repository\com\github\docker-java\docker-java-api\3.2.13\docker-java-api-3.2.13.jar;C:\Users\chand\.m2\repository\com\fasterxml\jackson\core\jackson-annotations\2.17.3\jackson-annotations-2.17.3.jar;C:\Users\chand\.m2\repository\com\github\docker-java\docker-java-transport-zerodep\3.2.13\docker-java-transport-zerodep-3.2.13.jar;C:\Users\chand\.m2\repository\com\github\docker-java\docker-java-transport\3.2.13\docker-java-transport-3.2.13.jar;C:\Users\chand\.m2\repository\net\java\dev\jna\jna\5.8.0\jna-5.8.0.jar;C:\Users\chand\.m2\repository\org\testcontainers\junit-jupiter\1.19.8\junit-jupiter-1.19.8.jar;C:\Users\chand\.m2\repository\org\testcontainers\postgresql\1.19.8\postgresql-1.19.8.jar;C:\Users\chand\.m2\repository\org\testcontainers\jdbc\1.19.8\jdbc-1.19.8.jar;C:\Users\chand\.m2\repository\org\testcontainers\database-commons\1.19.8\database-commons-1.19.8.jar;C:\Users\chand\.m2\repository\com\github\javafaker\javafaker\1.0.2\javafaker-1.0.2.jar;C:\Users\chand\.m2\repository\org\apache\commons\commons-lang3\3.14.0\commons-lang3-3.14.0.jar;C:\Users\chand\.m2\repository\org\yaml\snakeyaml\1.23\snakeyaml-1.23-android.jar;C:\Users\chand\.m2\repository\com\github\mifmif\generex\1.0.2\generex-1.0.2.jar;C:\Users\chand\.m2\repository\dk\brics\automaton\automaton\1.11-8\automaton-1.11-8.jar;C:\Users\chand\.m2\repository\org\springframework\boot\spring-boot-starter-webflux\3.3.7\spring-boot-starter-webflux-3.3.7.jar;C:\Users\chand\.m2\repository\org\springframework\boot\spring-boot-starter-reactor-netty\3.3.7\spring-boot-starter-reactor-netty-3.3.7.jar;C:\Users\chand\.m2\repository\io\projectreactor\netty\reactor-netty-http\1.1.25\reactor-netty-http-1.1.25.jar;C:\Users\chand\.m2\repository\io\netty\netty-codec-http\4.1.116.Final\netty-codec-http-4.1.116.Final.jar;C:\Users\chand\.m2\repository\io\netty\netty-common\4.1.116.Final\netty-common-4.1.116.Final.jar;C:\Users\chand\.m2\repository\io\netty\netty-buffer\4.1.116.Final\netty-buffer-4.1.116.Final.jar;C:\Users\chand\.m2\repository\io\netty\netty-transport\4.1.116.Final\netty-transport-4.1.116.Final.jar;C:\Users\chand\.m2\repository\io\netty\netty-codec\4.1.116.Final\netty-codec-4.1.116.Final.jar;C:\Users\chand\.m2\repository\io\netty\netty-handler\4.1.116.Final\netty-handler-4.1.116.Final.jar;C:\Users\chand\.m2\repository\io\netty\netty-codec-http2\4.1.116.Final\netty-codec-http2-4.1.116.Final.jar;C:\Users\chand\.m2\repository\io\netty\netty-resolver-dns\4.1.116.Final\netty-resolver-dns-4.1.116.Final.jar;C:\Users\chand\.m2\repository\io\netty\netty-resolver\4.1.116.Final\netty-resolver-4.1.116.Final.jar;C:\Users\chand\.m2\repository\io\netty\netty-codec-dns\4.1.116.Final\netty-codec-dns-4.1.116.Final.jar;C:\Users\chand\.m2\repository\io\netty\netty-resolver-dns-native-macos\4.1.116.Final\netty-resolver-dns-native-macos-4.1.116.Final-osx-x86_64.jar;C:\Users\chand\.m2\repository\io\netty\netty-resolver-dns-classes-macos\4.1.116.Final\netty-resolver-dns-classes-macos-4.1.116.Final.jar;C:\Users\chand\.m2\repository\io\netty\netty-transport-native-epoll\4.1.116.Final\netty-transport-native-epoll-4.1.116.Final-linux-x86_64.jar;C:\Users\chand\.m2\repository\io\netty\netty-transport-native-unix-common\4.1.116.Final\netty-transport-native-unix-common-4.1.116.Final.jar;C:\Users\chand\.m2\repository\io\netty\netty-transport-classes-epoll\4.1.116.Final\netty-transport-classes-epoll-4.1.116.Final.jar;C:\Users\chand\.m2\repository\io\projectreactor\netty\reactor-netty-core\1.1.25\reactor-netty-core-1.1.25.jar;C:\Users\chand\.m2\repository\io\netty\netty-handler-proxy\4.1.116.Final\netty-handler-proxy-4.1.116.Final.jar;C:\Users\chand\.m2\repository\io\netty\netty-codec-socks\4.1.116.Final\netty-codec-socks-4.1.116.Final.jar;C:\Users\chand\.m2\repository\org\springframework\spring-webflux\6.1.16\spring-webflux-6.1.16.jar;C:\Users\chand\.m2\repository\io\projectreactor\reactor-core\3.6.13\reactor-core-3.6.13.jar;C:\Users\chand\.m2\repository\org\reactivestreams\reactive-streams\1.0.4\reactive-streams-1.0.4.jar;"/>
    <property name="sun.cpu.endian" value="little"/>
    <property name="user.home" value="C:\Users\chand"/>
    <property name="user.language" value="en"/>
    <property name="java.specification.vendor" value="Oracle Corporation"/>
    <property name="java.version.date" value="2024-10-15"/>
    <property name="java.home" value="C:\Program Files\Java\jdk-21"/>
    <property name="file.separator" value="\"/>
    <property name="basedir" value="C:\Users\chand\OneDrive\Desktop\Fullstack Developer\Backend"/>
    <property name="java.vm.compressedOopsMode" value="Zero based"/>
    <property name="line.separator" value="&#10;"/>
    <property name="java.vm.specification.vendor" value="Oracle Corporation"/>
    <property name="java.specification.name" value="Java Platform API Specification"/>
    <property name="FILE_LOG_CHARSET" value="UTF-8"/>
    <property name="java.awt.headless" value="true"/>
    <property name="surefire.real.class.path" value="C:\Users\chand\AppData\Local\Temp\surefire3571436201827025578\surefirebooter-20250124083412818_3.jar"/>
    <property name="user.script" value=""/>
    <property name="sun.management.compiler" value="HotSpot 64-Bit Tiered Compilers"/>
    <property name="java.runtime.version" value="21.0.5+9-LTS-239"/>
    <property name="user.name" value="chand"/>
    <property name="stdout.encoding" value="Cp1252"/>
    <property name="path.separator" value=";"/>
    <property name="os.version" value="10.0"/>
    <property name="java.runtime.name" value="Java(TM) SE Runtime Environment"/>
    <property name="file.encoding" value="UTF-8"/>
    <property name="java.vm.name" value="Java HotSpot(TM) 64-Bit Server VM"/>
    <property name="localRepository" value="C:\Users\chand\.m2\repository"/>
    <property name="java.vendor.url.bug" value="https://bugreport.java.com/bugreport/"/>
    <property name="java.io.tmpdir" value="C:\Users\chand\AppData\Local\Temp\"/>
    <property name="com.zaxxer.hikari.pool_number" value="16"/>
    <property name="java.version" value="21.0.5"/>
    <property name="user.dir" value="C:\Users\chand\OneDrive\Desktop\Fullstack Developer\Backend"/>
    <property name="os.arch" value="amd64"/>
    <property name="java.vm.specification.name" value="Java Virtual Machine Specification"/>
    <property name="PID" value="26888"/>
    <property name="sun.os.patch.level" value=""/>
    <property name="CONSOLE_LOG_CHARSET" value="UTF-8"/>
    <property name="native.encoding" value="Cp1252"/>
    <property name="java.library.path" value="C:\Program Files\Java\jdk-21\bin;C:\WINDOWS\Sun\Java\bin;C:\WINDOWS\system32;C:\WINDOWS;C:\Program Files\Common Files\Oracle\Java\javapath;C:\Windows\system32;C:\Windows;C:\Windows\System32\Wbem;C:\Windows\System32\WindowsPowerShell\v1.0\;C:\Windows\System32\OpenSSH\;C:\Program Files (x86)\NVIDIA Corporation\PhysX\Common;C:\WINDOWS\system32;C:\WINDOWS;C:\WINDOWS\System32\Wbem;C:\WINDOWS\System32\WindowsPowerShell\v1.0\;C:\WINDOWS\System32\OpenSSH\;C:\Program Files\dotnet\;C:\Users\chand\AppData\Local\Programs\MiKTeX\miktex\bin\x64;C:\Program Files\NVIDIA Corporation\NVIDIA app\NvDLISR;C:\Program Files\GNS3\vpcs;C:\Program Files\Git\cmd;C:\Program Files\Java\jdk-21\bin;C:\Program Files\PostgreSQL\17\bin;C:\Program Files\Docker\Docker\resources\bin;C:\Program Files\apache-maven-3.9.9\bin;C:\Users\chand\AppData\Local\Programs\Python\Python311\Scripts\;C:\Users\chand\AppData\Local\Programs\Python\Python311\;C:\Users\chand\AppData\Local\Microsoft\WindowsApps;C:\Program Files\CodeBlocks\MinGW\bin;C:\Swift\bin;C:\Users\chand\AppData\Local\Programs\Microsoft VS Code\bin;C:\Users\chand\AppData\Local\atom\bin;C:\Program Files\JetBrains\PyCharm 2023.1.3\bin;;C:\Program Files\Java\jdk1.8.0_202\bin;C:\Program Files\JetBrains\PyCharm Community Edition 2023.3\bin;;C:\Users\chand\AppData\Local\Programs\MiKTeX\miktex\bin\x64\;F:\dart-sdk\bin;;C:\Program Files\JetBrains\IntelliJ IDEA 2024.3.1.1\bin;;."/>
    <property name="java.vm.info" value="mixed mode, sharing"/>
    <property name="stderr.encoding" value="Cp1252"/>
    <property name="java.vendor" value="Oracle Corporation"/>
    <property name="java.vm.version" value="21.0.5+9-LTS-239"/>
    <property name="sun.io.unicode.encoding" value="UnicodeLittle"/>
    <property name="java.class.version" value="65.0"/>
  </properties>
  <testcase name="contextLoads" classname="com.chandana.springTest.SpringTestApplicationTests" time="0.004">
    <system-out><![CDATA[2025-01-24T08:34:27.460+05:30  INFO 26888 --- [           main] t.c.s.AnnotationConfigContextLoaderUtils : Could not detect default configuration classes for test class [com.chandana.springTest.SpringTestApplicationTests]: SpringTestApplicationTests does not declare any static, non-private, non-final, nested classes annotated with @Configuration.
2025-01-24T08:34:27.474+05:30  INFO 26888 --- [           main] .b.t.c.SpringBootTestContextBootstrapper : Found @SpringBootConfiguration com.chandana.springTest.SpringTestApplication for test class com.chandana.springTest.SpringTestApplicationTests
2025-01-24T08:34:27.492+05:30  INFO 26888 --- [           main] o.s.b.d.r.RestartApplicationListener     : Restart disabled due to context in which it is running

  .   ____          _            __ _ _
 /\\ / ___'_ __ _ _(_)_ __  __ _ \ \ \ \
( ( )\___ | '_ | '_| | '_ \/ _` | \ \ \ \
 \\/  ___)| |_)| | | | | || (_| |  ) ) ) )
  '  |____| .__|_| |_|_| |_\__, | / / / /
 =========|_|==============|___/=/_/_/_/

 :: Spring Boot ::                (v3.3.7)

2025-01-24T08:34:27.532+05:30  INFO 26888 --- [           main] c.c.s.SpringTestApplicationTests         : Starting SpringTestApplicationTests using Java 21.0.5 with PID 26888 (started by chand in C:\Users\chand\OneDrive\Desktop\Fullstack Developer\Backend)
2025-01-24T08:34:27.532+05:30  INFO 26888 --- [           main] c.c.s.SpringTestApplicationTests         : No active profile set, falling back to 1 default profile: "default"
2025-01-24T08:34:27.944+05:30  INFO 26888 --- [           main] .s.d.r.c.RepositoryConfigurationDelegate : Multiple Spring Data modules found, entering strict repository configuration mode
2025-01-24T08:34:27.944+05:30  INFO 26888 --- [           main] .s.d.r.c.RepositoryConfigurationDelegate : Bootstrapping Spring Data JDBC repositories in DEFAULT mode.
2025-01-24T08:34:27.946+05:30  INFO 26888 --- [           main] .s.d.r.c.RepositoryConfigurationDelegate : Finished Spring Data repository scanning in 2 ms. Found 0 JDBC repository interfaces.
2025-01-24T08:34:27.950+05:30  INFO 26888 --- [           main] .s.d.r.c.RepositoryConfigurationDelegate : Multiple Spring Data modules found, entering strict repository configuration mode
2025-01-24T08:34:27.950+05:30  INFO 26888 --- [           main] .s.d.r.c.RepositoryConfigurationDelegate : Bootstrapping Spring Data JPA repositories in DEFAULT mode.
2025-01-24T08:34:27.953+05:30  INFO 26888 --- [           main] .s.d.r.c.RepositoryConfigurationDelegate : Finished Spring Data repository scanning in 2 ms. Found 0 JPA repository interfaces.
2025-01-24T08:34:28.155+05:30  INFO 26888 --- [           main] 🐳 [postgres:latest]                     : Creating container for image: postgres:latest
2025-01-24T08:34:28.328+05:30  INFO 26888 --- [           main] 🐳 [postgres:latest]                     : Container postgres:latest is starting: 3de35367bc6d931cfd6d66b849c30f21975effde06362bfc6e0e2b815af76dcf
2025-01-24T08:34:30.155+05:30  INFO 26888 --- [           main] 🐳 [postgres:latest]                     : Container postgres:latest started in PT1.9999621S
2025-01-24T08:34:30.155+05:30  INFO 26888 --- [           main] 🐳 [postgres:latest]                     : Container is started (JDBC URL: jdbc:postgresql://localhost:49631/test?loggerLevel=OFF)
2025-01-24T08:34:30.215+05:30  INFO 26888 --- [           main] org.flywaydb.core.FlywayExecutor         : Database: jdbc:postgresql://localhost:49631/test (PostgreSQL 17.2)
2025-01-24T08:34:30.222+05:30  WARN 26888 --- [           main] o.f.c.internal.database.base.Database    : Flyway upgrade recommended: PostgreSQL 17.2 is newer than this version of Flyway and support has not been tested. The latest supported version of PostgreSQL is 16.
2025-01-24T08:34:30.232+05:30  INFO 26888 --- [           main] o.f.c.i.s.JdbcTableSchemaHistory         : Schema history table "public"."flyway_schema_history" does not exist yet
2025-01-24T08:34:30.233+05:30  INFO 26888 --- [           main] o.f.core.internal.command.DbValidate     : Successfully validated 2 migrations (execution time 00:00.006s)
2025-01-24T08:34:30.246+05:30  INFO 26888 --- [           main] o.f.c.i.s.JdbcTableSchemaHistory         : Creating Schema History table "public"."flyway_schema_history" ...
2025-01-24T08:34:30.278+05:30  INFO 26888 --- [           main] o.f.core.internal.command.DbMigrate      : Current version of schema "public": << Empty Schema >>
2025-01-24T08:34:30.283+05:30  INFO 26888 --- [           main] o.f.core.internal.command.DbMigrate      : Migrating schema "public" to version "1 - Initial Setup"
2025-01-24T08:34:30.304+05:30  INFO 26888 --- [           main] o.f.core.internal.command.DbMigrate      : Migrating schema "public" to version "2 - Second SQL Manupilation"
2025-01-24T08:34:30.322+05:30  INFO 26888 --- [           main] o.f.core.internal.command.DbMigrate      : Successfully applied 2 migrations to schema "public", now at version v2 (execution time 00:00.013s)
2025-01-24T08:34:30.349+05:30  INFO 26888 --- [           main] o.hibernate.jpa.internal.util.LogHelper  : HHH000204: Processing PersistenceUnitInfo [name: default]
2025-01-24T08:34:30.352+05:30  INFO 26888 --- [           main] o.h.c.internal.RegionFactoryInitiator    : HHH000026: Second-level cache disabled
2025-01-24T08:34:30.361+05:30  INFO 26888 --- [           main] o.s.o.j.p.SpringPersistenceUnitInfo      : No LoadTimeWeaver setup: ignoring JPA class transformer
2025-01-24T08:34:30.362+05:30  INFO 26888 --- [           main] com.zaxxer.hikari.HikariDataSource       : HikariPool-16 - Starting...
2025-01-24T08:34:30.376+05:30  INFO 26888 --- [           main] com.zaxxer.hikari.pool.HikariPool        : HikariPool-16 - Added connection org.postgresql.jdbc.PgConnection@7ab63914
2025-01-24T08:34:30.376+05:30  INFO 26888 --- [           main] com.zaxxer.hikari.HikariDataSource       : HikariPool-16 - Start completed.
2025-01-24T08:34:30.379+05:30  WARN 26888 --- [           main] org.hibernate.orm.deprecation            : HHH90000025: PostgreSQLDialect does not need to be specified explicitly using 'hibernate.dialect' (remove the property setting and it will be selected by default)
2025-01-24T08:34:30.410+05:30  INFO 26888 --- [           main] o.h.e.t.j.p.i.JtaPlatformInitiator       : HHH000489: No JTA platform available (set 'hibernate.transaction.jta.platform' to enable JTA platform integration)
2025-01-24T08:34:30.410+05:30  INFO 26888 --- [           main] j.LocalContainerEntityManagerFactoryBean : Initialized JPA EntityManagerFactory for persistence unit 'default'
2025-01-24T08:34:31.279+05:30  INFO 26888 --- [           main] c.c.s.SpringTestApplicationTests         : Started SpringTestApplicationTests in 3.787 seconds (process running for 18.302)
]]></system-out>
  </testcase>
</testsuite>